<?xml version="1.0" encoding="UTF-8"?>
<testng-results ignored="0" total="1" passed="1" failed="0" skipped="0">
  <reporter-output>
  </reporter-output>
  <suite started-at="2024-09-25T11:46:02 PDT" name="Default suite" finished-at="2024-09-25T11:46:14 PDT" duration-ms="11859">
    <groups>
    </groups>
    <test started-at="2024-09-25T11:46:02 PDT" name="Default test" finished-at="2024-09-25T11:46:14 PDT" duration-ms="11859">
      <class name="testpkg.Fblogintest">
        <test-method is-config="true" signature="setUp()[pri:0, instance:testpkg.Fblogintest@4b45a2f5]" started-at="2024-09-25T11:46:02 PDT" name="setUp" finished-at="2024-09-25T11:46:12 PDT" duration-ms="10508" status="PASS">
          <reporter-output>
          </reporter-output>
        </test-method> <!-- setUp -->
        <test-method signature="test1()[pri:0, instance:testpkg.Fblogintest@4b45a2f5]" started-at="2024-09-25T11:46:12 PDT" name="test1" finished-at="2024-09-25T11:46:14 PDT" duration-ms="1188" status="PASS">
          <reporter-output>
          </reporter-output>
        </test-method> <!-- test1 -->
      </class> <!-- testpkg.Fblogintest -->
    </test> <!-- Default test -->
  </suite> <!-- Default suite -->
</testng-results>
